have_header: checking for vm_core.h... -------------------- no

"gcc -o conftest -I/Users/bamboo/.rbenv/versions/1.9.3-p194/include/ruby-1.9.1/x86_64-darwin12.0.0 -I/Users/bamboo/.rbenv/versions/1.9.3-p194/include/ruby-1.9.1/ruby/backward -I/Users/bamboo/.rbenv/versions/1.9.3-p194/include/ruby-1.9.1 -I. -I'/Users/bamboo/.rbenv/versions/1.9.3-p194/include'  -D_XOPEN_SOURCE -D_DARWIN_C_SOURCE  -I'/Users/bamboo/.rbenv/versions/1.9.3-p194/include'   -O3 -ggdb -Wextra -Wno-unused-parameter -Wno-parentheses -Wno-long-long -Wno-missing-field-initializers -Wpointer-arith -Wwrite-strings -Wdeclaration-after-statement -Wshorten-64-to-32 -Wimplicit-function-declaration  -pipe conftest.c  -L. -L/Users/bamboo/.rbenv/versions/1.9.3-p194/lib -L. -L'/Users/bamboo/.rbenv/versions/1.9.3-p194/lib'      -lruby-static  -lpthread -ldl -lobjc "
checked program was:
/* begin */
1: #include "ruby.h"
2: 
3: int main() {return 0;}
/* end */

"gcc -E -I/Users/bamboo/.rbenv/versions/1.9.3-p194/include/ruby-1.9.1/x86_64-darwin12.0.0 -I/Users/bamboo/.rbenv/versions/1.9.3-p194/include/ruby-1.9.1/ruby/backward -I/Users/bamboo/.rbenv/versions/1.9.3-p194/include/ruby-1.9.1 -I. -I'/Users/bamboo/.rbenv/versions/1.9.3-p194/include'  -D_XOPEN_SOURCE -D_DARWIN_C_SOURCE  -I'/Users/bamboo/.rbenv/versions/1.9.3-p194/include'   -O3 -ggdb -Wextra -Wno-unused-parameter -Wno-parentheses -Wno-long-long -Wno-missing-field-initializers -Wpointer-arith -Wwrite-strings -Wdeclaration-after-statement -Wshorten-64-to-32 -Wimplicit-function-declaration  -pipe  conftest.c -o conftest.i"
conftest.c:3:21: error: vm_core.h: No such file or directory
checked program was:
/* begin */
1: #include "ruby.h"
2: 
3: #include <vm_core.h>
/* end */

--------------------

have_header: checking for vm_core.h... -------------------- no

"gcc -E -I/Users/bamboo/.rbenv/versions/1.9.3-p194/include/ruby-1.9.1/x86_64-darwin12.0.0 -I/Users/bamboo/.rbenv/versions/1.9.3-p194/include/ruby-1.9.1/ruby/backward -I/Users/bamboo/.rbenv/versions/1.9.3-p194/include/ruby-1.9.1 -I. -I/Users/bamboo/.rbenv/versions/1.9.3-p194/include/ruby-1.9.1/ruby-1.9.3-p194  -O3 -ggdb -Wextra -Wno-unused-parameter -Wno-parentheses -Wno-long-long -Wno-missing-field-initializers -Wpointer-arith -Wwrite-strings -Wdeclaration-after-statement -Wshorten-64-to-32 -Wimplicit-function-declaration  -pipe  conftest.c -o conftest.i"
conftest.c:3:21: error: vm_core.h: No such file or directory
checked program was:
/* begin */
1: #include "ruby.h"
2: 
3: #include <vm_core.h>
/* end */

--------------------

have_header: checking for vm_core.h... -------------------- yes

"gcc -E -I/Users/bamboo/.rbenv/versions/1.9.3-p194/include/ruby-1.9.1/x86_64-darwin12.0.0 -I/Users/bamboo/.rbenv/versions/1.9.3-p194/include/ruby-1.9.1/ruby/backward -I/Users/bamboo/.rbenv/versions/1.9.3-p194/include/ruby-1.9.1 -I. -I/Users/bamboo/Dropbox/lerning_ruby/LightningMash/vendor/bundler/ruby/1.9.1/gems/debugger-ruby_core_source-1.1.7/lib/debugger/ruby_core_source/ruby-1.9.3-p194  -O3 -ggdb -Wextra -Wno-unused-parameter -Wno-parentheses -Wno-long-long -Wno-missing-field-initializers -Wpointer-arith -Wwrite-strings -Wdeclaration-after-statement -Wshorten-64-to-32 -Wimplicit-function-declaration  -pipe  conftest.c -o conftest.i"
checked program was:
/* begin */
1: #include "ruby.h"
2: 
3: #include <vm_core.h>
/* end */

--------------------

have_header: checking for version.h... -------------------- yes

"gcc -E -I/Users/bamboo/.rbenv/versions/1.9.3-p194/include/ruby-1.9.1/x86_64-darwin12.0.0 -I/Users/bamboo/.rbenv/versions/1.9.3-p194/include/ruby-1.9.1/ruby/backward -I/Users/bamboo/.rbenv/versions/1.9.3-p194/include/ruby-1.9.1 -I. -I/Users/bamboo/Dropbox/lerning_ruby/LightningMash/vendor/bundler/ruby/1.9.1/gems/debugger-ruby_core_source-1.1.7/lib/debugger/ruby_core_source/ruby-1.9.3-p194  -O3 -ggdb -Wextra -Wno-unused-parameter -Wno-parentheses -Wno-long-long -Wno-missing-field-initializers -Wpointer-arith -Wwrite-strings -Wdeclaration-after-statement -Wshorten-64-to-32 -Wimplicit-function-declaration  -pipe  conftest.c -o conftest.i"
checked program was:
/* begin */
1: #include "ruby.h"
2: 
3: #include <version.h>
/* end */

--------------------

